<?xml version="1.0" encoding="UTF-8"?>
<!-- Generated by org.testng.reporters.JUnitXMLReporter -->
<testsuite ignored="0" hostname="DESKTOP-NB60TP2" failures="0" tests="3" name="Test-1" time="285.714" errors="0" timestamp="2024-11-29T10:09:47 IST">
  <testcase classname="com.comcast.crm.testNG.CreateOrgTest" name="createOrgNameTest" time="87.237"/>
  <testcase classname="com.comcast.crm.testNG.CreateOrgTest" name="createOrgWithIndustryTest" time="27.831"/>
  <testcase classname="com.comcast.crm.testNG.CreateOrgTest" name="createOrgnameWithPhone" time="22.23"/>
</testsuite> <!-- Test-1 -->
