<?xml version="1.0" encoding="UTF-8"?>
<!-- Generated by org.testng.reporters.JUnitXMLReporter -->
<testsuite ignored="0" hostname="DESKTOP-NB60TP2" failures="0" tests="3" name="Test-2" time="305.35" errors="0" timestamp="2024-11-29T10:10:06 IST">
  <testcase classname="com.comcast.crm.testNG.CreateContactTest" name="createContactTest" time="73.099"/>
  <testcase classname="com.comcast.crm.testNG.CreateContactTest" name="createContactWithDate" time="25.82"/>
  <testcase classname="com.comcast.crm.testNG.CreateContactTest" name="createContactWithOrgTest" time="45.165"/>
</testsuite> <!-- Test-2 -->
