<?xml version="1.0" encoding="UTF-8"?>
<!-- Generated by org.testng.reporters.JUnitReportReporter -->
<testsuite hostname="DESKTOP-NB60TP2" failures="0" tests="1" name="testNG_practice.CreateProductWithVendorNameTest" time="72.140" errors="0" timestamp="2024-11-29T10:22:07 IST" skipped="0">
  <testcase classname="testNG_practice.CreateProductWithVendorNameTest" name="createProductWithVendorNameTest" time="72.140"/>
</testsuite> <!-- testNG_practice.CreateProductWithVendorNameTest -->
