<?xml version="1.0" encoding="UTF-8"?>
<!-- Generated by org.testng.reporters.JUnitReportReporter -->
<testsuite hostname="DESKTOP-NB60TP2" failures="0" tests="2" name="com.crmVTiger.moduleTest.CreateOpportunityAndProductTest" time="65.303" errors="0" timestamp="2024-12-11T22:56:08 IST" skipped="0">
  <testcase classname="com.crmVTiger.moduleTest.CreateOpportunityAndProductTest" name="createProductWithdatesTest" time="21.356"/>
  <testcase classname="com.crmVTiger.moduleTest.CreateOpportunityAndProductTest" name="createOppWithOrgNameTest" time="43.947"/>
</testsuite> <!-- com.crmVTiger.moduleTest.CreateOpportunityAndProductTest -->
