<?xml version="1.0" encoding="UTF-8"?>
<!-- Generated by org.testng.reporters.JUnitReportReporter -->
<testsuite hostname="DESKTOP-NB60TP2" failures="0" tests="1" name="testNG_practice.CreateNewProductWithPortnoTest" time="46.376" errors="0" timestamp="2024-11-28T17:06:11 IST" skipped="0">
  <testcase classname="testNG_practice.CreateNewProductWithPortnoTest" name="createProductWithPortnoTest" time="46.376"/>
</testsuite> <!-- testNG_practice.CreateNewProductWithPortnoTest -->
