<?xml version="1.0" encoding="UTF-8"?>
<!-- Generated by org.testng.reporters.JUnitReportReporter -->
<testsuite hostname="DESKTOP-NB60TP2" failures="0" tests="3" name="testNG.Flipkart_GetProductInfoTest" time="108.779" errors="0" timestamp="2024-11-25T17:27:17 IST" skipped="0">
  <testcase classname="testNG.Flipkart_GetProductInfoTest" name="getProductInfoTest" time="29.945"/>
  <testcase classname="testNG.Flipkart_GetProductInfoTest" name="getProductInfoTest" time="49.098"/>
  <testcase classname="testNG.Flipkart_GetProductInfoTest" name="getProductInfoTest" time="29.736"/>
</testsuite> <!-- testNG.Flipkart_GetProductInfoTest -->
