<?xml version="1.0" encoding="UTF-8"?>
<!-- Generated by org.testng.reporters.JUnitReportReporter -->
<testsuite hostname="DESKTOP-NB60TP2" failures="0" tests="3" name="testNG.Flipkart_GetProductInfoByExcelTest" time="93.643" errors="0" timestamp="2024-11-25T17:39:36 IST" skipped="0">
  <testcase classname="testNG.Flipkart_GetProductInfoByExcelTest" name="getProductInfoTest" time="34.433"/>
  <testcase classname="testNG.Flipkart_GetProductInfoByExcelTest" name="getProductInfoTest" time="31.568"/>
  <testcase classname="testNG.Flipkart_GetProductInfoByExcelTest" name="getProductInfoTest" time="27.642"/>
</testsuite> <!-- testNG.Flipkart_GetProductInfoByExcelTest -->
