<?xml version="1.0" encoding="UTF-8"?>
<!-- Generated by org.testng.reporters.JUnitReportReporter -->
<testsuite hostname="DESKTOP-NB60TP2" failures="0" tests="2" name="practice.Parallel_CrossBrowserTesting.OrgClickTest" time="216.325" errors="0" timestamp="2024-11-29T12:50:26 IST" skipped="0">
  <testcase classname="practice.Parallel_CrossBrowserTesting.OrgClickTest" name="orgClickTest" time="177.605"/>
  <testcase classname="practice.Parallel_CrossBrowserTesting.OrgClickTest" name="orgClickTest" time="38.720"/>
</testsuite> <!-- practice.Parallel_CrossBrowserTesting.OrgClickTest -->
