<?xml version="1.0" encoding="UTF-8"?>
<!-- Generated by org.testng.reporters.JUnitReportReporter -->
<testsuite hostname="DESKTOP-NB60TP2" failures="0" tests="1" name="com.comcast.crm.Assertion.CreateOrgTest" time="55.384" errors="0" timestamp="2024-12-03T18:16:22 IST" skipped="0">
  <testcase classname="com.comcast.crm.Assertion.CreateOrgTest" name="createOrgNameTest" time="55.384"/>
</testsuite> <!-- com.comcast.crm.Assertion.CreateOrgTest -->
