<?xml version="1.0" encoding="UTF-8"?>
<!-- Generated by org.testng.reporters.JUnitReportReporter -->
<testsuite hostname="DESKTOP-NB60TP2" failures="0" tests="3" name="com.crmVTiger.moduleTest.CreateOrgTest" time="76.543" errors="0" timestamp="2024-12-11T22:56:08 IST" skipped="0">
  <testcase classname="com.crmVTiger.moduleTest.CreateOrgTest" name="createOrgnameWithPhone" time="21.876"/>
  <testcase classname="com.crmVTiger.moduleTest.CreateOrgTest" name="createOrgWithIndustryTest" time="34.684"/>
  <testcase classname="com.crmVTiger.moduleTest.CreateOrgTest" name="createOrgNameTest" time="19.983"/>
</testsuite> <!-- com.crmVTiger.moduleTest.CreateOrgTest -->
