<?xml version="1.0" encoding="UTF-8"?>
<!-- Generated by org.testng.reporters.JUnitReportReporter -->
<testsuite hostname="DESKTOP-NB60TP2" failures="0" tests="3" name="com.comcast.crm.Listeners.CreateContactTest" time="288.827" errors="0" timestamp="2024-12-10T16:21:38 IST" skipped="0">
  <testcase classname="com.comcast.crm.Listeners.CreateContactTest" name="createContactTest" time="130.997"/>
  <testcase classname="com.comcast.crm.Listeners.CreateContactTest" name="createContactWithOrgTest" time="117.771"/>
  <testcase classname="com.comcast.crm.Listeners.CreateContactTest" name="createContactWithDate" time="40.059"/>
</testsuite> <!-- com.comcast.crm.Listeners.CreateContactTest -->
