<?xml version="1.0" encoding="UTF-8"?>
<!-- Generated by org.testng.reporters.JUnitReportReporter -->
<testsuite hostname="DESKTOP-NB60TP2" failures="0" tests="3" name="com.comcast.crm.Assertion.CreateContactTest" time="118.910" errors="0" timestamp="2024-12-10T18:24:00 IST" skipped="0">
  <testcase classname="com.comcast.crm.Assertion.CreateContactTest" name="createContactTest" time="35.583"/>
  <testcase classname="com.comcast.crm.Assertion.CreateContactTest" name="createContactWithDate" time="43.986"/>
  <testcase classname="com.comcast.crm.Assertion.CreateContactTest" name="createContactWithOrgTest" time="39.341"/>
</testsuite> <!-- com.comcast.crm.Assertion.CreateContactTest -->
