<?xml version="1.0" encoding="UTF-8"?>
<!-- Generated by org.testng.reporters.JUnitReportReporter -->
<testsuite hostname="DESKTOP-NB60TP2" failures="0" tests="1" name="listeners_Practice.InvoiceTest" time="0.016" errors="0" timestamp="2024-12-04T16:02:39 IST" skipped="0">
  <testcase classname="listeners_Practice.InvoiceTest" name="activateTest" time="0.016"/>
</testsuite> <!-- listeners_Practice.InvoiceTest -->
