<?xml version="1.0" encoding="UTF-8"?>
<!-- Generated by org.testng.reporters.JUnitReportReporter -->
<testsuite hostname="DESKTOP-NB60TP2" failures="0" tests="1" name="testNG_practice.CreateNewOpportunitiesWithContact_OrgNameTest" time="64.813" errors="0" timestamp="2024-11-29T10:20:04 IST" skipped="0">
  <testcase classname="testNG_practice.CreateNewOpportunitiesWithContact_OrgNameTest" name="createOppWithOrgNameTest" time="64.813"/>
</testsuite> <!-- testNG_practice.CreateNewOpportunitiesWithContact_OrgNameTest -->
