<?xml version="1.0" encoding="UTF-8"?>
<!-- Generated by org.testng.reporters.JUnitReportReporter -->
<testsuite hostname="DESKTOP-NB60TP2" failures="0" tests="1" name="practice.Parallel_CrossBrowserTesting.ChromeBrowserLaunchTest" time="94.639" errors="0" timestamp="2024-11-29T15:36:24 IST" skipped="0">
  <testcase classname="practice.Parallel_CrossBrowserTesting.ChromeBrowserLaunchTest" name="chromeBrowserLaunchTest" time="94.639"/>
</testsuite> <!-- practice.Parallel_CrossBrowserTesting.ChromeBrowserLaunchTest -->
