<?xml version="1.0" encoding="UTF-8"?>
<!-- Generated by org.testng.reporters.JUnitReportReporter -->
<testsuite hostname="DESKTOP-NB60TP2" failures="0" tests="1" name="testNG_practice.CreateContactTest" time="59.014" errors="0" timestamp="2024-12-03T14:59:51 IST" skipped="0">
  <testcase classname="testNG_practice.CreateContactTest" name="createContactTest" time="59.014"/>
</testsuite> <!-- testNG_practice.CreateContactTest -->
