<?xml version="1.0" encoding="UTF-8"?>
<!-- Generated by org.testng.reporters.JUnitReportReporter -->
<testsuite hostname="DESKTOP-NB60TP2" failures="0" tests="1" name="com.crmVTiger.moduleTest.CreateProductTest" time="66.866" errors="0" timestamp="2024-12-13T21:46:04 IST" skipped="0">
  <testcase classname="com.crmVTiger.moduleTest.CreateProductTest" name="createProductWithCatogryTest" time="66.866"/>
</testsuite> <!-- com.crmVTiger.moduleTest.CreateProductTest -->
