<?xml version="1.0" encoding="UTF-8"?>
<!-- Generated by org.testng.reporters.JUnitReportReporter -->
<testsuite hostname="DESKTOP-NB60TP2" failures="0" tests="2" name="com.comcast.crm.Listeners.CreateOpportunityAndProductTest" time="136.900" errors="0" timestamp="2024-12-05T11:12:58 IST" skipped="0">
  <testcase classname="com.comcast.crm.Listeners.CreateOpportunityAndProductTest" name="createOppWithOrgNameTest" time="103.582"/>
  <testcase classname="com.comcast.crm.Listeners.CreateOpportunityAndProductTest" name="createProductWithdatesTest" time="33.318"/>
</testsuite> <!-- com.comcast.crm.Listeners.CreateOpportunityAndProductTest -->
