<?xml version="1.0" encoding="UTF-8"?>
<!-- Generated by org.testng.reporters.JUnitReportReporter -->
<testsuite hostname="DESKTOP-NB60TP2" failures="0" tests="1" name="testNG_practice.CreateNewProductWithSupportStart_endDateTest" time="47.806" errors="0" timestamp="2024-11-28T17:09:24 IST" skipped="0">
  <testcase classname="testNG_practice.CreateNewProductWithSupportStart_endDateTest" name="createProductWithdatesTest" time="47.806"/>
</testsuite> <!-- testNG_practice.CreateNewProductWithSupportStart_endDateTest -->
