<?xml version="1.0" encoding="UTF-8"?>
<!-- Generated by org.testng.reporters.JUnitReportReporter -->
<testsuite hostname="DESKTOP-NB60TP2" failures="0" tests="1" name="com.comcast.crm.Extent_Report.CreateProductTest" time="79.821" errors="0" timestamp="2024-12-11T21:00:15 IST" skipped="0">
  <testcase classname="com.comcast.crm.Extent_Report.CreateProductTest" name="createProductWithCatogryTest" time="79.821"/>
</testsuite> <!-- com.comcast.crm.Extent_Report.CreateProductTest -->
