<?xml version="1.0" encoding="UTF-8"?>
<!-- Generated by org.testng.reporters.JUnitReportReporter -->
<testsuite hostname="DESKTOP-NB60TP2" failures="0" tests="2" name="com.crmVTiger.moduleTest.CreateProductTest" time="114.553" errors="0" timestamp="2024-12-12T09:41:21 IST" skipped="0">
  <testcase classname="com.crmVTiger.moduleTest.CreateProductTest" name="createProductWithPortnoTest" time="75.665"/>
  <testcase classname="com.crmVTiger.moduleTest.CreateProductTest" name="createProductWithVendorNameTest" time="38.888"/>
</testsuite> <!-- com.crmVTiger.moduleTest.CreateProductTest -->
