<?xml version="1.0" encoding="UTF-8"?>
<!-- Generated by org.testng.reporters.JUnitReportReporter -->
<testsuite hostname="DESKTOP-NB60TP2" failures="0" tests="3" name="com.comcast.crm.Listeners.CreateOrgTest" time="159.994" errors="0" timestamp="2024-12-05T11:24:00 IST" skipped="0">
  <testcase classname="com.comcast.crm.Listeners.CreateOrgTest" name="createOrgNameTest" time="103.350"/>
  <testcase classname="com.comcast.crm.Listeners.CreateOrgTest" name="createOrgWithIndustryTest" time="29.949"/>
  <testcase classname="com.comcast.crm.Listeners.CreateOrgTest" name="createOrgnameWithPhone" time="26.695"/>
</testsuite> <!-- com.comcast.crm.Listeners.CreateOrgTest -->
