<?xml version="1.0" encoding="UTF-8"?>
<!-- Generated by org.testng.reporters.JUnitReportReporter -->
<testsuite hostname="DESKTOP-NB60TP2" failures="0" tests="3" name="testNG.Amazon_GetProductInfoTest" time="172.681" errors="0" timestamp="2024-11-25T16:58:52 IST" skipped="0">
  <testcase classname="testNG.Amazon_GetProductInfoTest" name="getProductInfoTest" time="42.991"/>
  <testcase classname="testNG.Amazon_GetProductInfoTest" name="getProductInfoTest" time="73.330"/>
  <testcase classname="testNG.Amazon_GetProductInfoTest" name="getProductInfoTest" time="56.360"/>
</testsuite> <!-- testNG.Amazon_GetProductInfoTest -->
