<?xml version="1.0" encoding="UTF-8"?>
<!-- Generated by org.testng.reporters.JUnitReportReporter -->
<testsuite hostname="DESKTOP-NB60TP2" failures="0" tests="1" name="listeners_Practice.CreateContactWithOrgnameTest" time="313.222" errors="0" timestamp="2024-12-05T10:54:34 IST" skipped="0">
  <testcase classname="listeners_Practice.CreateContactWithOrgnameTest" name="createContactWithOrgTest" time="313.222"/>
</testsuite> <!-- listeners_Practice.CreateContactWithOrgnameTest -->
