<?xml version="1.0" encoding="UTF-8"?>
<!-- Generated by org.testng.reporters.JUnitReportReporter -->
<testsuite hostname="DESKTOP-NB60TP2" failures="0" tests="3" name="com.comcast.crm.testNG.CreateContactTest" time="188.269" errors="0" timestamp="2024-12-06T20:35:18 IST" skipped="0">
  <testcase classname="com.comcast.crm.testNG.CreateContactTest" name="createContactWithOrgTest" time="43.911"/>
  <testcase classname="com.comcast.crm.testNG.CreateContactTest" name="createContactWithDate" time="65.782"/>
  <testcase classname="com.comcast.crm.testNG.CreateContactTest" name="createContactTest" time="78.576"/>
</testsuite> <!-- com.comcast.crm.testNG.CreateContactTest -->
