<?xml version="1.0" encoding="UTF-8"?>
<!-- Generated by org.testng.reporters.JUnitReportReporter -->
<testsuite hostname="DESKTOP-NB60TP2" failures="0" tests="3" name="com.crmVTiger.moduleTest.CreateContactTest" time="92.600" errors="0" timestamp="2024-12-11T22:56:08 IST" skipped="0">
  <testcase classname="com.crmVTiger.moduleTest.CreateContactTest" name="createContactTest" time="19.222"/>
  <testcase classname="com.crmVTiger.moduleTest.CreateContactTest" name="createContactWithOrgTest" time="40.264"/>
  <testcase classname="com.crmVTiger.moduleTest.CreateContactTest" name="createContactWithDate" time="33.114"/>
</testsuite> <!-- com.crmVTiger.moduleTest.CreateContactTest -->
